00:01:12 pool-13-thread-1 WARN [root] 错误代码：11300008 数据库连接失败: wait millis 10000, active 0, maxActive 50
00:01:12 SwingWorker-pool-10-thread-9 ERROR [root] com.fr.third.alibaba.druid.pool.GetConnectionTimeoutException: wait millis 10000, active 0, maxActive 50
java.util.concurrent.ExecutionException: com.fr.third.alibaba.druid.pool.GetConnectionTimeoutException: wait millis 10000, active 0, maxActive 50
	at java.util.concurrent.FutureTask.report(Unknown Source)
	at java.util.concurrent.FutureTask.get(Unknown Source)
	at com.fr.dav.LocalEnv.testConnection(Unknown Source)
	at com.fr.design.data.datapane.connect.DatabaseConnectionPane$1$1.doInBackground(Unknown Source)
	at javax.swing.SwingWorker$1.call(Unknown Source)
	at java.util.concurrent.FutureTask.run(Unknown Source)
	at javax.swing.SwingWorker.run(Unknown Source)
	at java.util.concurrent.ThreadPoolExecutor.runWorker(Unknown Source)
	at java.util.concurrent.ThreadPoolExecutor$Worker.run(Unknown Source)
	at java.lang.Thread.run(Unknown Source)
Caused by: com.fr.third.alibaba.druid.pool.GetConnectionTimeoutException: wait millis 10000, active 0, maxActive 50
	at com.fr.third.alibaba.druid.pool.DruidDataSource.getConnectionInternal(DruidDataSource.java:1262)
	at com.fr.third.alibaba.druid.pool.DruidDataSource.getConnectionDirect(DruidDataSource.java:1083)
	at com.fr.third.alibaba.druid.pool.DruidDataSource.getConnection(DruidDataSource.java:1063)
	at com.fr.third.alibaba.druid.pool.DruidDataSource.getConnection(DruidDataSource.java:1053)
	at com.fr.third.alibaba.druid.pool.DruidDataSource.getConnection(DruidDataSource.java:101)
	at com.fr.data.pool.MemoryConnection.create(MemoryConnection.java:37)
	at com.fr.data.impl.JDBCDatabaseConnection.createConnection(JDBCDatabaseConnection.java:180)
	at com.fr.data.impl.JDBCDatabaseConnection.testConnection(JDBCDatabaseConnection.java:165)
	at com.fr.dav.LocalEnv$2.call(Unknown Source)
	at com.fr.dav.LocalEnv$2.call(Unknown Source)
	at java.util.concurrent.FutureTask.run(Unknown Source)
	at java.util.concurrent.Executors$RunnableAdapter.call(Unknown Source)
	at java.util.concurrent.FutureTask.run(Unknown Source)
	... 3 more
Caused by: com.mysql.jdbc.exceptions.jdbc4.CommunicationsException: Communications link failure

Last packet sent to the server was 0 ms ago.
	at sun.reflect.NativeConstructorAccessorImpl.newInstance0(Native Method)
	at sun.reflect.NativeConstructorAccessorImpl.newInstance(Unknown Source)
	at sun.reflect.DelegatingConstructorAccessorImpl.newInstance(Unknown Source)
	at java.lang.reflect.Constructor.newInstance(Unknown Source)
	at com.mysql.jdbc.Util.handleNewInstance(Util.java:406)
	at com.mysql.jdbc.SQLError.createCommunicationsException(SQLError.java:1074)
	at com.mysql.jdbc.ConnectionImpl.createNewIO(ConnectionImpl.java:2103)
	at com.mysql.jdbc.ConnectionImpl.<init>(ConnectionImpl.java:718)
	at com.mysql.jdbc.JDBC4Connection.<init>(JDBC4Connection.java:46)
	at sun.reflect.NativeConstructorAccessorImpl.newInstance0(Native Method)
	at sun.reflect.NativeConstructorAccessorImpl.newInstance(Unknown Source)
	at sun.reflect.DelegatingConstructorAccessorImpl.newInstance(Unknown Source)
	at java.lang.reflect.Constructor.newInstance(Unknown Source)
	at com.mysql.jdbc.Util.handleNewInstance(Util.java:406)
	at com.mysql.jdbc.ConnectionImpl.getInstance(ConnectionImpl.java:302)
	at com.mysql.jdbc.NonRegisteringDriver.connect(NonRegisteringDriver.java:282)
	at com.fr.third.alibaba.druid.pool.DruidAbstractDataSource.createPhysicalConnection(DruidAbstractDataSource.java:1461)
	at com.fr.third.alibaba.druid.pool.DruidAbstractDataSource.createPhysicalConnection(DruidAbstractDataSource.java:1525)
	at com.fr.third.alibaba.druid.pool.DruidDataSource$CreateConnectionThread.run(DruidDataSource.java:2097)
Caused by: java.net.ConnectException: Connection refused: connect
	at java.net.DualStackPlainSocketImpl.connect0(Native Method)
	at java.net.DualStackPlainSocketImpl.socketConnect(Unknown Source)
	at java.net.AbstractPlainSocketImpl.doConnect(Unknown Source)
	at java.net.AbstractPlainSocketImpl.connectToAddress(Unknown Source)
	at java.net.AbstractPlainSocketImpl.connect(Unknown Source)
	at java.net.PlainSocketImpl.connect(Unknown Source)
	at java.net.SocksSocketImpl.connect(Unknown Source)
	at java.net.Socket.connect(Unknown Source)
	at java.net.Socket.connect(Unknown Source)
	at java.net.Socket.<init>(Unknown Source)
	at java.net.Socket.<init>(Unknown Source)
	at com.mysql.jdbc.StandardSocketFactory.connect(StandardSocketFactory.java:253)
	at com.mysql.jdbc.MysqlIO.<init>(MysqlIO.java:280)
	at com.mysql.jdbc.ConnectionImpl.createNewIO(ConnectionImpl.java:2026)
	... 12 more
00:01:18 SwingWorker-pool-10-thread-10 ERROR [root] java.lang.InterruptedException
java.lang.InterruptedException
	at java.util.concurrent.FutureTask.awaitDone(Unknown Source)
	at java.util.concurrent.FutureTask.get(Unknown Source)
	at com.fr.dav.LocalEnv.testConnection(Unknown Source)
	at com.fr.design.data.datapane.connect.DatabaseConnectionPane$1$1.doInBackground(Unknown Source)
	at javax.swing.SwingWorker$1.call(Unknown Source)
	at java.util.concurrent.FutureTask.run(Unknown Source)
	at javax.swing.SwingWorker.run(Unknown Source)
	at java.util.concurrent.ThreadPoolExecutor.runWorker(Unknown Source)
	at java.util.concurrent.ThreadPoolExecutor$Worker.run(Unknown Source)
	at java.lang.Thread.run(Unknown Source)
00:01:33 pool-14-thread-1 WARN [root] 错误代码：11300008 数据库连接失败: wait millis 10000, active 0, maxActive 50
00:01:37 AWT-EventQueue-0 WARN [root] The content of element type "web-app" must match "(icon?,display-name?,description?,distributable?,context-param*,filter*,filter-mapping*,listener*,servlet*,servlet-mapping*,session-config?,mime-mapping*,welcome-file-list?,error-page*,taglib*,resource-env-ref*,resource-ref*,security-constraint*,login-config?,security-role*,env-entry*,ejb-ref*,ejb-local-ref*)".
org.xml.sax.SAXParseException; lineNumber: 63; columnNumber: 11; The content of element type "web-app" must match "(icon?,display-name?,description?,distributable?,context-param*,filter*,filter-mapping*,listener*,servlet*,servlet-mapping*,session-config?,mime-mapping*,welcome-file-list?,error-page*,taglib*,resource-env-ref*,resource-ref*,security-constraint*,login-config?,security-role*,env-entry*,ejb-ref*,ejb-local-ref*)".
	at org.apache.xerces.util.ErrorHandlerWrapper.createSAXParseException(Unknown Source)
	at org.apache.xerces.util.ErrorHandlerWrapper.error(Unknown Source)
	at org.apache.xerces.impl.XMLErrorReporter.reportError(Unknown Source)
	at org.apache.xerces.impl.XMLErrorReporter.reportError(Unknown Source)
	at org.apache.xerces.impl.dtd.XMLDTDValidator.handleEndElement(Unknown Source)
	at org.apache.xerces.impl.dtd.XMLDTDValidator.endElement(Unknown Source)
	at org.apache.xerces.impl.XMLNSDocumentScannerImpl.scanEndElement(Unknown Source)
	at org.apache.xerces.impl.XMLDocumentFragmentScannerImpl$FragmentContentDispatcher.dispatch(Unknown Source)
	at org.apache.xerces.impl.XMLDocumentFragmentScannerImpl.scanDocument(Unknown Source)
	at org.apache.xerces.parsers.XML11Configuration.parse(Unknown Source)
	at org.apache.xerces.parsers.XML11Configuration.parse(Unknown Source)
	at org.apache.xerces.parsers.XMLParser.parse(Unknown Source)
	at org.apache.xerces.parsers.AbstractSAXParser.parse(Unknown Source)
	at javax.xml.parsers.SAXParser.parse(Unknown Source)
	at org.mortbay.xml.XmlParser.parse(XmlParser.java:217)
	at org.mortbay.xml.XmlParser.parse(XmlParser.java:235)
	at org.mortbay.jetty.servlet.XMLConfiguration.configureWebApp(XMLConfiguration.java:190)
	at org.mortbay.jetty.servlet.WebApplicationContext.configureWebApp(WebApplicationContext.java:425)
	at org.mortbay.jetty.servlet.WebApplicationContext.doStart(WebApplicationContext.java:478)
	at org.mortbay.util.Container.start(Container.java:72)
	at com.fr.start.server.JettyHost.addAndStartWebApplication(Unknown Source)
	at com.fr.start.server.JettyHost.addAndStartLocalEnvHomeWebApp(Unknown Source)
	at com.fr.start.StartServer.browserURLWithLocalEnv(Unknown Source)
	at com.fr.design.utils.DesignUtils.visitEnvServerByParameters(Unknown Source)
	at com.fr.design.actions.file.WebPreviewUtils.browseUrl(Unknown Source)
	at com.fr.design.actions.file.WebPreviewUtils.actionPerformed(Unknown Source)
	at com.fr.design.mainframe.JWorkBook.previewMenuActionPerformed(Unknown Source)
	at com.fr.design.fun.impl.AbstractPreviewProvider.onClick(Unknown Source)
	at com.fr.design.mainframe.JWorkBook$3.actionPerformed(Unknown Source)
	at javax.swing.AbstractButton.fireActionPerformed(Unknown Source)
	at javax.swing.AbstractButton$Handler.actionPerformed(Unknown Source)
	at javax.swing.DefaultButtonModel.fireActionPerformed(Unknown Source)
	at javax.swing.DefaultButtonModel.setPressed(Unknown Source)
	at javax.swing.AbstractButton.doClick(Unknown Source)
	at javax.swing.plaf.basic.BasicMenuItemUI.doClick(Unknown Source)
	at javax.swing.plaf.basic.BasicMenuItemUI$Handler.mouseReleased(Unknown Source)
	at java.awt.Component.processMouseEvent(Unknown Source)
	at javax.swing.JComponent.processMouseEvent(Unknown Source)
	at java.awt.Component.processEvent(Unknown Source)
	at java.awt.Container.processEvent(Unknown Source)
	at java.awt.Component.dispatchEventImpl(Unknown Source)
	at java.awt.Container.dispatchEventImpl(Unknown Source)
	at java.awt.Component.dispatchEvent(Unknown Source)
	at java.awt.LightweightDispatcher.retargetMouseEvent(Unknown Source)
	at java.awt.LightweightDispatcher.processMouseEvent(Unknown Source)
	at java.awt.LightweightDispatcher.dispatchEvent(Unknown Source)
	at java.awt.Container.dispatchEventImpl(Unknown Source)
	at java.awt.Window.dispatchEventImpl(Unknown Source)
	at java.awt.Component.dispatchEvent(Unknown Source)
	at java.awt.EventQueue.dispatchEventImpl(Unknown Source)
	at java.awt.EventQueue.access$500(Unknown Source)
	at java.awt.EventQueue$3.run(Unknown Source)
	at java.awt.EventQueue$3.run(Unknown Source)
	at java.security.AccessController.doPrivileged(Native Method)
	at java.security.ProtectionDomain$1.doIntersectionPrivilege(Unknown Source)
	at java.security.ProtectionDomain$1.doIntersectionPrivilege(Unknown Source)
	at java.awt.EventQueue$4.run(Unknown Source)
	at java.awt.EventQueue$4.run(Unknown Source)
	at java.security.AccessController.doPrivileged(Native Method)
	at java.security.ProtectionDomain$1.doIntersectionPrivilege(Unknown Source)
	at java.awt.EventQueue.dispatchEvent(Unknown Source)
	at java.awt.EventDispatchThread.pumpOneEventForFilters(Unknown Source)
	at java.awt.EventDispatchThread.pumpEventsForFilter(Unknown Source)
	at java.awt.EventDispatchThread.pumpEventsForHierarchy(Unknown Source)
	at java.awt.EventDispatchThread.pumpEvents(Unknown Source)
	at java.awt.EventDispatchThread.pumpEvents(Unknown Source)
	at java.awt.EventDispatchThread.run(Unknown Source)
